# JRE version: Java(TM) SE Runtime Environment (25.0.1+8) (build 25.0.1+8-LTS-27)
# Java VM: Java HotSpot(TM) 64-Bit Server VM (25.0.1+8-LTS-27, mixed mode, sharing, tiered, compressed oops, compressed class ptrs, g1 gc, windows-amd64)
GC Precious Log:
 CardTable entry size: 512
 Card Set container configuration: InlinePtr #cards 5 size 8 Array Of Cards #cards 10 size 36 Howl #buckets 4 coarsen threshold 1843 Howl Bitmap #cards 512 size 80 coarsen threshold 460 Card regions per heap region 1 cards per card region 2048
 CPUs: 16 total, 16 available
 Memory: 8010M
 Large Page Support: Disabled
 NUMA Support: Disabled
 Compressed Oops: Enabled (32-bit)
 Heap Region Size: 1M
 Heap Min Capacity: 8M
 Heap Initial Capacity: 126M
 Heap Max Capacity: 2004M
 Pre-touch: Disabled
 Parallel Workers: 13
 Concurrent Workers: 3
 Concurrent Refinement Workers: 13
 Periodic GC: Disabled
Heap:
 garbage-first heap   total reserved 2052096K, committed 101376K, used 77741K [0x0000000082c00000, 0x0000000100000000)
  region size 1024K, 41 young (41984K), 2 survivors (2048K)
GC Heap Usage History (12 events):
Event: 1.136 {heap Before GC invocations=0 (full 0):
 garbage-first heap   total reserved 2052096K, committed 131072K, used 49301K [0x0000000082c00000, 0x0000000100000000)
  region size 1024K, 47 young (48128K), 0 survivors (0K)
}
Event: 1.142 {heap After GC invocations=1 (full 0):
 garbage-first heap   total reserved 2052096K, committed 131072K, used 5685K [0x0000000082c00000, 0x0000000100000000)
  region size 1024K, 5 young (5120K), 5 survivors (5120K)
}
Event: 2.094 {heap Before GC invocations=1 (full 0):
 garbage-first heap   total reserved 2052096K, committed 131072K, used 60981K [0x0000000082c00000, 0x0000000100000000)
  region size 1024K, 59 young (60416K), 5 survivors (5120K)
}
Event: 2.105 {heap After GC invocations=2 (full 0):
 garbage-first heap   total reserved 2052096K, committed 131072K, used 11768K [0x0000000082c00000, 0x0000000100000000)
  region size 1024K, 8 young (8192K), 8 survivors (8192K)
}
Event: 3.371 {heap Before GC invocations=2 (full 0):
 garbage-first heap   total reserved 2052096K, committed 131072K, used 76280K [0x0000000082c00000, 0x0000000100000000)
  region size 1024K, 71 young (72704K), 8 survivors (8192K)
}
Event: 3.386 {heap After GC invocations=3 (full 0):
 garbage-first heap   total reserved 2052096K, committed 131072K, used 15385K [0x0000000082c00000, 0x0000000100000000)
  region size 1024K, 4 young (4096K), 4 survivors (4096K)
}
Event: 4.487 {heap Before GC invocations=3 (full 0):
 garbage-first heap   total reserved 2052096K, committed 131072K, used 65561K [0x0000000082c00000, 0x0000000100000000)
  region size 1024K, 47 young (48128K), 4 survivors (4096K)
}
Event: 4.494 {heap After GC invocations=4 (full 0):
 garbage-first heap   total reserved 2052096K, committed 131072K, used 27714K [0x0000000082c00000, 0x0000000100000000)
  region size 1024K, 10 young (10240K), 10 survivors (10240K)
}
Event: 5.815 {heap Before GC invocations=5 (full 0):
 garbage-first heap   total reserved 2052096K, committed 99328K, used 77890K [0x0000000082c00000, 0x0000000100000000)
  region size 1024K, 58 young (59392K), 10 survivors (10240K)
}
Event: 5.853 {heap After GC invocations=6 (full 0):
 garbage-first heap   total reserved 2052096K, committed 101376K, used 36930K [0x0000000082c00000, 0x0000000100000000)
  region size 1024K, 8 young (8192K), 8 survivors (8192K)
}
Event: 7.549 {heap Before GC invocations=6 (full 0):
 garbage-first heap   total reserved 2052096K, committed 101376K, used 74818K [0x0000000082c00000, 0x0000000100000000)
  region size 1024K, 46 young (47104K), 8 survivors (8192K)
}
Event: 7.563 {heap After GC invocations=7 (full 0):
 garbage-first heap   total reserved 2052096K, committed 101376K, used 38829K [0x0000000082c00000, 0x0000000100000000)
  region size 1024K, 2 young (2048K), 2 survivors (2048K)
}

